Contents of file AlertsTests.log
2025-06-19 18:08:17 INFO  LoggerUtility:18 - ############## Execution started: AlertsTests ##############
2025-06-19 18:08:20 INFO  LoggerUtility:26 - main:utils.logger.LoggerUtility:infoLog ====> ###### The browser was opened successfully ######
2025-06-19 18:08:20 INFO  LoggerUtility:26 - main:utils.logger.LoggerUtility:infoLog ====> User scrolled to element Alerts, Frame & Windows
2025-06-19 18:08:20 INFO  LoggerUtility:26 - main:utils.logger.LoggerUtility:infoLog ====> User navigated on menu Alerts, Frame & Windows
2025-06-19 18:08:20 ERROR LoggerUtility:30 - main:utils.logger.LoggerUtility:errorLog ====> expected [Alert] but found [Alerts]
2025-06-19 18:08:22 INFO  LoggerUtility:26 - main:utils.logger.LoggerUtility:infoLog ====> ###### The browser was closed successfully ######
2025-06-19 18:08:22 INFO  LoggerUtility:22 - ############## Execution finished: AlertsTests ##############
Contents of file BrowserWindowsTabsTests.log
2025-06-19 18:07:27 INFO  LoggerUtility:18 - ############## Execution started: BrowserWindowsTabsTests ##############
2025-06-19 18:07:32 INFO  LoggerUtility:26 - TestNG-test-RegressionTests-2:utils.logger.LoggerUtility:infoLog ====> ###### The browser was opened successfully ######
2025-06-19 18:07:32 INFO  LoggerUtility:26 - TestNG-test-RegressionTests-2:utils.logger.LoggerUtility:infoLog ====> User scrolled to element Alerts, Frame & Windows
2025-06-19 18:07:32 INFO  LoggerUtility:26 - TestNG-test-RegressionTests-2:utils.logger.LoggerUtility:infoLog ====> User navigated on menu Alerts, Frame & Windows
2025-06-19 18:07:32 INFO  LoggerUtility:26 - TestNG-test-RegressionTests-2:utils.logger.LoggerUtility:infoLog ====> User navigated on menu Browser Windows
2025-06-19 18:07:33 INFO  LoggerUtility:26 - TestNG-test-RegressionTests-2:utils.logger.LoggerUtility:infoLog ====> ###### The browser was closed successfully ######
2025-06-19 18:07:33 INFO  LoggerUtility:22 - ############## Execution finished: BrowserWindowsTabsTests ##############
Contents of file FormsTests.log
2025-06-19 18:07:27 INFO  LoggerUtility:18 - ############## Execution started: FormsTests ##############
2025-06-19 18:07:32 INFO  LoggerUtility:26 - TestNG-test-RegressionTests-3:utils.logger.LoggerUtility:infoLog ====> ###### The browser was opened successfully ######
2025-06-19 18:07:32 INFO  LoggerUtility:26 - TestNG-test-RegressionTests-3:utils.logger.LoggerUtility:infoLog ====> User navigated on menu Forms
2025-06-19 18:07:32 INFO  LoggerUtility:26 - TestNG-test-RegressionTests-3:utils.logger.LoggerUtility:infoLog ====> User navigated on menu Practice Form
2025-06-19 18:07:37 INFO  LoggerUtility:26 - TestNG-test-RegressionTests-3:utils.logger.LoggerUtility:infoLog ====> ###### The browser was closed successfully ######
2025-06-19 18:07:37 INFO  LoggerUtility:22 - ############## Execution finished: FormsTests ##############
Contents of file FramesTests.log
2025-06-19 18:07:27 INFO  LoggerUtility:18 - ############## Execution started: FramesTests ##############
2025-06-19 18:07:32 INFO  LoggerUtility:26 - TestNG-test-RegressionTests-4:utils.logger.LoggerUtility:infoLog ====> ###### The browser was opened successfully ######
2025-06-19 18:07:32 INFO  LoggerUtility:26 - TestNG-test-RegressionTests-4:utils.logger.LoggerUtility:infoLog ====> User scrolled to element Alerts, Frame & Windows
2025-06-19 18:07:32 INFO  LoggerUtility:26 - TestNG-test-RegressionTests-4:utils.logger.LoggerUtility:infoLog ====> User navigated on menu Alerts, Frame & Windows
2025-06-19 18:07:32 INFO  LoggerUtility:26 - TestNG-test-RegressionTests-4:utils.logger.LoggerUtility:infoLog ====> User navigated on menu Frames
2025-06-19 18:07:32 INFO  LoggerUtility:26 - TestNG-test-RegressionTests-4:utils.logger.LoggerUtility:infoLog ====> ###### The browser was closed successfully ######
2025-06-19 18:07:32 INFO  LoggerUtility:22 - ############## Execution finished: FramesTests ##############
